"sys:FILE_LOG_PATTERN_IS_UNDEFINED""sys:FILE_LOG_PATTERN_IS_UNDEFINED""sys:FILE_LOG_PATTERN_IS_UNDEFINED""sys:FILE_LOG_PATTERN_IS_UNDEFINED""sys:FILE_LOG_PATTERN_IS_UNDEFINED""sys:FILE_LOG_PATTERN_IS_UNDEFINED""sys:FILE_LOG_PATTERN_IS_UNDEFINED""sys:FILE_LOG_PATTERN_IS_UNDEFINED""sys:FILE_LOG_PATTERN_IS_UNDEFINED""sys:FILE_LOG_PATTERN_IS_UNDEFINED""sys:FILE_LOG_PATTERN_IS_UNDEFINED""sys:FILE_LOG_PATTERN_IS_UNDEFINED""sys:FILE_LOG_PATTERN_IS_UNDEFINED""sys:FILE_LOG_PATTERN_IS_UNDEFINED""sys:FILE_LOG_PATTERN_IS_UNDEFINED""sys:FILE_LOG_PATTERN_IS_UNDEFINED""sys:FILE_LOG_PATTERN_IS_UNDEFINED""sys:FILE_LOG_PATTERN_IS_UNDEFINED""sys:FILE_LOG_PATTERN_IS_UNDEFINED""sys:FILE_LOG_PATTERN_IS_UNDEFINED""sys:FILE_LOG_PATTERN_IS_UNDEFINED""sys:FILE_LOG_PATTERN_IS_UNDEFINED""sys:FILE_LOG_PATTERN_IS_UNDEFINED""sys:FILE_LOG_PATTERN_IS_UNDEFINED""sys:FILE_LOG_PATTERN_IS_UNDEFINED""sys:FILE_LOG_PATTERN_IS_UNDEFINED""sys:FILE_LOG_PATTERN_IS_UNDEFINED""sys:FILE_LOG_PATTERN_IS_UNDEFINED""sys:FILE_LOG_PATTERN_IS_UNDEFINED""sys:FILE_LOG_PATTERN_IS_UNDEFINED""sys:FILE_LOG_PATTERN_IS_UNDEFINED""sys:FILE_LOG_PATTERN_IS_UNDEFINED""sys:FILE_LOG_PATTERN_IS_UNDEFINED""sys:FILE_LOG_PATTERN_IS_UNDEFINED""sys:FILE_LOG_PATTERN_IS_UNDEFINED""sys:FILE_LOG_PATTERN_IS_UNDEFINED""sys:FILE_LOG_PATTERN_IS_UNDEFINED""sys:FILE_LOG_PATTERN_IS_UNDEFINED""sys:FILE_LOG_PATTERN_IS_UNDEFINED""sys:FILE_LOG_PATTERN_IS_UNDEFINED""sys:FILE_LOG_PATTERN_IS_UNDEFINED""sys:FILE_LOG_PATTERN_IS_UNDEFINED""sys:FILE_LOG_PATTERN_IS_UNDEFINED""sys:FILE_LOG_PATTERN_IS_UNDEFINED""sys:FILE_LOG_PATTERN_IS_UNDEFINED""sys:FILE_LOG_PATTERN_IS_UNDEFINED"565  [restartedMain] INFO  com.example.demo2.Demo2Application - Starting Demo2Application on pengdeMacBook-Pro.local with PID 21581 (/Users/pengzhang/IdeaProjects/demo2/target/classes started by pengzhang in /Users/pengzhang/IdeaProjects/demo2)
566  [restartedMain] INFO  com.example.demo2.Demo2Application - No active profile set, falling back to default profiles: default
628  [restartedMain] INFO  o.s.b.w.s.c.AnnotationConfigServletWebServerApplicationContext - Refreshing org.springframework.boot.web.servlet.context.AnnotationConfigServletWebServerApplicationContext@28f33d76: startup date [Fri Apr 13 18:04:24 CST 2018]; root of context hierarchy
1585 [restartedMain] INFO  o.s.d.r.c.RepositoryConfigurationDelegate - Multiple Spring Data modules found, entering strict repository configuration mode!
2187 [restartedMain] INFO  o.s.b.w.e.tomcat.TomcatWebServer - Tomcat initialized with port(s): 8080 (http)
2198 [restartedMain] INFO  o.a.coyote.http11.Http11NioProtocol - Initializing ProtocolHandler ["http-nio-8080"]
2205 [restartedMain] INFO  o.a.catalina.core.StandardService - Starting service [Tomcat]
2205 [restartedMain] INFO  o.a.catalina.core.StandardEngine - Starting Servlet Engine: Apache Tomcat/8.5.29
2208 [localhost-startStop-1] INFO  o.a.c.core.AprLifecycleListener - The APR based Apache Tomcat Native library which allows optimal performance in production environments was not found on the java.library.path: [/Users/pengzhang/Library/Java/Extensions:/Library/Java/Extensions:/Network/Library/Java/Extensions:/System/Library/Java/Extensions:/usr/lib/java:.]
2295 [localhost-startStop-1] INFO  o.a.c.c.C.[Tomcat].[localhost].[/] - Initializing Spring embedded WebApplicationContext
2295 [localhost-startStop-1] INFO  o.s.web.context.ContextLoader - Root WebApplicationContext: initialization completed in 1667 ms
3100 [localhost-startStop-1] INFO  o.s.b.w.s.FilterRegistrationBean - Mapping filter: 'characterEncodingFilter' to: [/*]
3100 [localhost-startStop-1] INFO  o.s.b.w.s.FilterRegistrationBean - Mapping filter: 'sessionRepositoryFilter' to: [/*]
3100 [localhost-startStop-1] INFO  o.s.b.w.s.FilterRegistrationBean - Mapping filter: 'hiddenHttpMethodFilter' to: [/*]
3100 [localhost-startStop-1] INFO  o.s.b.w.s.FilterRegistrationBean - Mapping filter: 'httpPutFormContentFilter' to: [/*]
3100 [localhost-startStop-1] INFO  o.s.b.w.s.FilterRegistrationBean - Mapping filter: 'requestContextFilter' to: [/*]
3101 [localhost-startStop-1] INFO  o.s.b.w.s.FilterRegistrationBean - Mapping filter: 'httpTraceFilter' to: [/*]
3101 [localhost-startStop-1] INFO  o.s.b.w.s.FilterRegistrationBean - Mapping filter: 'webMvcMetricsFilter' to: [/*]
3101 [localhost-startStop-1] INFO  o.s.b.w.s.ServletRegistrationBean - Servlet dispatcherServlet mapped to [/]
3175 [restartedMain] INFO  o.s.w.s.h.SimpleUrlHandlerMapping - Mapped URL path [/**/favicon.ico] onto handler of type [class org.springframework.web.servlet.resource.ResourceHttpRequestHandler]
3389 [restartedMain] INFO  o.s.w.s.m.m.a.RequestMappingHandlerAdapter - Looking for @ControllerAdvice: org.springframework.boot.web.servlet.context.AnnotationConfigServletWebServerApplicationContext@28f33d76: startup date [Fri Apr 13 18:04:24 CST 2018]; root of context hierarchy
3444 [restartedMain] INFO  o.s.w.s.m.m.a.RequestMappingHandlerMapping - Mapped "{[/]}" onto java.lang.String com.example.demo2.controller.SampleController.home()
3448 [restartedMain] INFO  o.s.w.s.m.m.a.RequestMappingHandlerMapping - Mapped "{[/error]}" onto public org.springframework.http.ResponseEntity<java.util.Map<java.lang.String, java.lang.Object>> org.springframework.boot.autoconfigure.web.servlet.error.BasicErrorController.error(javax.servlet.http.HttpServletRequest)
3448 [restartedMain] INFO  o.s.w.s.m.m.a.RequestMappingHandlerMapping - Mapped "{[/error],produces=[text/html]}" onto public org.springframework.web.servlet.ModelAndView org.springframework.boot.autoconfigure.web.servlet.error.BasicErrorController.errorHtml(javax.servlet.http.HttpServletRequest,javax.servlet.http.HttpServletResponse)
3470 [restartedMain] INFO  o.s.w.s.h.SimpleUrlHandlerMapping - Mapped URL path [/webjars/**] onto handler of type [class org.springframework.web.servlet.resource.ResourceHttpRequestHandler]
3470 [restartedMain] INFO  o.s.w.s.h.SimpleUrlHandlerMapping - Mapped URL path [/**] onto handler of type [class org.springframework.web.servlet.resource.ResourceHttpRequestHandler]
3745 [restartedMain] INFO  io.lettuce.core.EpollProvider - Starting without optional epoll library
3746 [restartedMain] INFO  io.lettuce.core.KqueueProvider - Starting without optional kqueue library
4016 [restartedMain] INFO  o.s.b.d.a.OptionalLiveReloadServer - LiveReload server is running on port 35729
4026 [restartedMain] INFO  o.s.b.a.e.web.EndpointLinksResolver - Exposing 2 endpoint(s) beneath base path '/actuator'
4035 [restartedMain] INFO  o.s.b.a.e.w.s.WebMvcEndpointHandlerMapping - Mapped "{[/actuator/health],methods=[GET],produces=[application/vnd.spring-boot.actuator.v2+json || application/json]}" onto public java.lang.Object org.springframework.boot.actuate.endpoint.web.servlet.AbstractWebMvcEndpointHandlerMapping$OperationHandler.handle(javax.servlet.http.HttpServletRequest,java.util.Map<java.lang.String, java.lang.String>)
4036 [restartedMain] INFO  o.s.b.a.e.w.s.WebMvcEndpointHandlerMapping - Mapped "{[/actuator/info],methods=[GET],produces=[application/vnd.spring-boot.actuator.v2+json || application/json]}" onto public java.lang.Object org.springframework.boot.actuate.endpoint.web.servlet.AbstractWebMvcEndpointHandlerMapping$OperationHandler.handle(javax.servlet.http.HttpServletRequest,java.util.Map<java.lang.String, java.lang.String>)
4036 [restartedMain] INFO  o.s.b.a.e.w.s.WebMvcEndpointHandlerMapping - Mapped "{[/actuator],methods=[GET],produces=[application/vnd.spring-boot.actuator.v2+json || application/json]}" onto protected java.util.Map<java.lang.String, java.util.Map<java.lang.String, org.springframework.boot.actuate.endpoint.web.Link>> org.springframework.boot.actuate.endpoint.web.servlet.WebMvcEndpointHandlerMapping.links(javax.servlet.http.HttpServletRequest,javax.servlet.http.HttpServletResponse)
4079 [restartedMain] INFO  o.s.j.e.a.AnnotationMBeanExporter - Registering beans for JMX exposure on startup
4088 [restartedMain] INFO  o.s.c.s.DefaultLifecycleProcessor - Starting beans in phase 2147483647
4137 [restartedMain] INFO  o.s.s.a.ScheduledAnnotationBeanPostProcessor - No TaskScheduler/ScheduledExecutorService bean found for scheduled processing
4142 [restartedMain] INFO  o.a.coyote.http11.Http11NioProtocol - Starting ProtocolHandler ["http-nio-8080"]
4147 [restartedMain] INFO  o.a.tomcat.util.net.NioSelectorPool - Using a shared selector for servlet write/read
4157 [restartedMain] INFO  o.s.b.w.e.tomcat.TomcatWebServer - Tomcat started on port(s): 8080 (http) with context path ''
4161 [restartedMain] INFO  com.example.demo2.Demo2Application - Started Demo2Application in 3.956 seconds (JVM running for 4.846)
4665 [RMI TCP Connection(7)-127.0.0.1] INFO  o.a.c.c.C.[Tomcat].[localhost].[/] - Initializing Spring FrameworkServlet 'dispatcherServlet'
4665 [RMI TCP Connection(7)-127.0.0.1] INFO  o.s.web.servlet.DispatcherServlet - FrameworkServlet 'dispatcherServlet': initialization started
4675 [RMI TCP Connection(7)-127.0.0.1] INFO  o.s.web.servlet.DispatcherServlet - FrameworkServlet 'dispatcherServlet': initialization completed in 10 ms
2011173 [Thread-25] INFO  o.s.b.w.s.c.AnnotationConfigServletWebServerApplicationContext - Closing org.springframework.boot.web.servlet.context.AnnotationConfigServletWebServerApplicationContext@28f33d76: startup date [Fri Apr 13 18:04:24 CST 2018]; root of context hierarchy
2011191 [Thread-25] INFO  o.s.c.s.DefaultLifecycleProcessor - Stopping beans in phase 2147483647
2011202 [Thread-25] INFO  o.s.j.e.a.AnnotationMBeanExporter - Unregistering JMX-exposed beans on shutdown
sys:FILE_LOG_PATTERN_IS_UNDEFINEDsys:FILE_LOG_PATTERN_IS_UNDEFINEDsys:FILE_LOG_PATTERN_IS_UNDEFINEDsys:FILE_LOG_PATTERN_IS_UNDEFINEDsys:FILE_LOG_PATTERN_IS_UNDEFINEDsys:FILE_LOG_PATTERN_IS_UNDEFINEDsys:FILE_LOG_PATTERN_IS_UNDEFINEDsys:FILE_LOG_PATTERN_IS_UNDEFINEDsys:FILE_LOG_PATTERN_IS_UNDEFINEDsys:FILE_LOG_PATTERN_IS_UNDEFINEDsys:FILE_LOG_PATTERN_IS_UNDEFINEDsys:FILE_LOG_PATTERN_IS_UNDEFINEDsys:FILE_LOG_PATTERN_IS_UNDEFINEDsys:FILE_LOG_PATTERN_IS_UNDEFINEDsys:FILE_LOG_PATTERN_IS_UNDEFINEDsys:FILE_LOG_PATTERN_IS_UNDEFINEDsys:FILE_LOG_PATTERN_IS_UNDEFINEDsys:FILE_LOG_PATTERN_IS_UNDEFINEDsys:FILE_LOG_PATTERN_IS_UNDEFINEDsys:FILE_LOG_PATTERN_IS_UNDEFINEDsys:FILE_LOG_PATTERN_IS_UNDEFINEDsys:FILE_LOG_PATTERN_IS_UNDEFINEDsys:FILE_LOG_PATTERN_IS_UNDEFINEDsys:FILE_LOG_PATTERN_IS_UNDEFINEDsys:FILE_LOG_PATTERN_IS_UNDEFINEDsys:FILE_LOG_PATTERN_IS_UNDEFINEDsys:FILE_LOG_PATTERN_IS_UNDEFINEDsys:FILE_LOG_PATTERN_IS_UNDEFINEDsys:FILE_LOG_PATTERN_IS_UNDEFINEDsys:FILE_LOG_PATTERN_IS_UNDEFINEDsys:FILE_LOG_PATTERN_IS_UNDEFINEDsys:FILE_LOG_PATTERN_IS_UNDEFINEDsys:FILE_LOG_PATTERN_IS_UNDEFINEDsys:FILE_LOG_PATTERN_IS_UNDEFINEDsys:FILE_LOG_PATTERN_IS_UNDEFINEDsys:FILE_LOG_PATTERN_IS_UNDEFINEDsys:FILE_LOG_PATTERN_IS_UNDEFINEDsys:FILE_LOG_PATTERN_IS_UNDEFINEDsys:FILE_LOG_PATTERN_IS_UNDEFINEDsys:FILE_LOG_PATTERN_IS_UNDEFINEDsys:FILE_LOG_PATTERN_IS_UNDEFINEDsys:FILE_LOG_PATTERN_IS_UNDEFINEDsys:FILE_LOG_PATTERN_IS_UNDEFINEDsys:FILE_LOG_PATTERN_IS_UNDEFINEDsys:FILE_LOG_PATTERN_IS_UNDEFINEDsys:FILE_LOG_PATTERN_IS_UNDEFINEDsys:FILE_LOG_PATTERN_IS_UNDEFINEDsys:FILE_LOG_PATTERN_IS_UNDEFINEDsys:FILE_LOG_PATTERN_IS_UNDEFINEDsys:FILE_LOG_PATTERN_IS_UNDEFINEDsys:FILE_LOG_PATTERN_IS_UNDEFINEDsys:FILE_LOG_PATTERN_IS_UNDEFINEDsys:FILE_LOG_PATTERN_IS_UNDEFINEDsys:FILE_LOG_PATTERN_IS_UNDEFINEDsys:FILE_LOG_PATTERN_IS_UNDEFINEDsys:FILE_LOG_PATTERN_IS_UNDEFINEDsys:FILE_LOG_PATTERN_IS_UNDEFINEDsys:FILE_LOG_PATTERN_IS_UNDEFINEDsys:FILE_LOG_PATTERN_IS_UNDEFINEDsys:FILE_LOG_PATTERN_IS_UNDEFINEDsys:FILE_LOG_PATTERN_IS_UNDEFINEDsys:FILE_LOG_PATTERN_IS_UNDEFINEDsys:FILE_LOG_PATTERN_IS_UNDEFINEDsys:FILE_LOG_PATTERN_IS_UNDEFINEDsys:FILE_LOG_PATTERN_IS_UNDEFINEDsys:FILE_LOG_PATTERN_IS_UNDEFINEDsys:FILE_LOG_PATTERN_IS_UNDEFINEDsys:FILE_LOG_PATTERN_IS_UNDEFINEDsys:FILE_LOG_PATTERN_IS_UNDEFINEDsys:FILE_LOG_PATTERN_IS_UNDEFINEDsys:FILE_LOG_PATTERN_IS_UNDEFINEDsys:FILE_LOG_PATTERN_IS_UNDEFINEDsys:FILE_LOG_PATTERN_IS_UNDEFINEDsys:FILE_LOG_PATTERN_IS_UNDEFINEDsys:FILE_LOG_PATTERN_IS_UNDEFINEDsys:FILE_LOG_PATTERN_IS_UNDEFINEDsys:FILE_LOG_PATTERN_IS_UNDEFINEDsys:FILE_LOG_PATTERN_IS_UNDEFINEDsys:FILE_LOG_PATTERN_IS_UNDEFINEDsys:FILE_LOG_PATTERN_IS_UNDEFINEDsys:FILE_LOG_PATTERN_IS_UNDEFINEDsys:FILE_LOG_PATTERN_IS_UNDEFINEDsys:FILE_LOG_PATTERN_IS_UNDEFINEDsys:FILE_LOG_PATTERN_IS_UNDEFINEDsys:FILE_LOG_PATTERN_IS_UNDEFINEDsys:FILE_LOG_PATTERN_IS_UNDEFINEDsys:FILE_LOG_PATTERN_IS_UNDEFINEDsys:FILE_LOG_PATTERN_IS_UNDEFINEDsys:FILE_LOG_PATTERN_IS_UNDEFINEDsys:FILE_LOG_PATTERN_IS_UNDEFINEDsys:FILE_LOG_PATTERN_IS_UNDEFINEDsys:FILE_LOG_PATTERN_IS_UNDEFINED"sys:FILE_LOG_PATTERN_IS_UNDEFINED""sys:FILE_LOG_PATTERN_IS_UNDEFINED""sys:FILE_LOG_PATTERN_IS_UNDEFINED""sys:FILE_LOG_PATTERN_IS_UNDEFINED""sys:FILE_LOG_PATTERN_IS_UNDEFINED""sys:FILE_LOG_PATTERN_IS_UNDEFINED""sys:FILE_LOG_PATTERN_IS_UNDEFINED""sys:FILE_LOG_PATTERN_IS_UNDEFINED""sys:FILE_LOG_PATTERN_IS_UNDEFINED""sys:FILE_LOG_PATTERN_IS_UNDEFINED""sys:FILE_LOG_PATTERN_IS_UNDEFINED""sys:FILE_LOG_PATTERN_IS_UNDEFINED""sys:FILE_LOG_PATTERN_IS_UNDEFINED""sys:FILE_LOG_PATTERN_IS_UNDEFINED""sys:FILE_LOG_PATTERN_IS_UNDEFINED""sys:FILE_LOG_PATTERN_IS_UNDEFINED""sys:FILE_LOG_PATTERN_IS_UNDEFINED""sys:FILE_LOG_PATTERN_IS_UNDEFINED""sys:FILE_LOG_PATTERN_IS_UNDEFINED""sys:FILE_LOG_PATTERN_IS_UNDEFINED""sys:FILE_LOG_PATTERN_IS_UNDEFINED""sys:FILE_LOG_PATTERN_IS_UNDEFINED""sys:FILE_LOG_PATTERN_IS_UNDEFINED""sys:FILE_LOG_PATTERN_IS_UNDEFINED""sys:FILE_LOG_PATTERN_IS_UNDEFINED""sys:FILE_LOG_PATTERN_IS_UNDEFINED""sys:FILE_LOG_PATTERN_IS_UNDEFINED""sys:FILE_LOG_PATTERN_IS_UNDEFINED""sys:FILE_LOG_PATTERN_IS_UNDEFINED""sys:FILE_LOG_PATTERN_IS_UNDEFINED""sys:FILE_LOG_PATTERN_IS_UNDEFINED""sys:FILE_LOG_PATTERN_IS_UNDEFINED""sys:FILE_LOG_PATTERN_IS_UNDEFINED""sys:FILE_LOG_PATTERN_IS_UNDEFINED""sys:FILE_LOG_PATTERN_IS_UNDEFINED""sys:FILE_LOG_PATTERN_IS_UNDEFINED""sys:FILE_LOG_PATTERN_IS_UNDEFINED""sys:FILE_LOG_PATTERN_IS_UNDEFINED""sys:FILE_LOG_PATTERN_IS_UNDEFINED""sys:FILE_LOG_PATTERN_IS_UNDEFINED""sys:FILE_LOG_PATTERN_IS_UNDEFINED""sys:FILE_LOG_PATTERN_IS_UNDEFINED""sys:FILE_LOG_PATTERN_IS_UNDEFINED""sys:FILE_LOG_PATTERN_IS_UNDEFINED""sys:FILE_LOG_PATTERN_IS_UNDEFINED""sys:FILE_LOG_PATTERN_IS_UNDEFINED"sys:FILE_LOG_PATTERN_IS_UNDEFINEDsys:FILE_LOG_PATTERN_IS_UNDEFINEDsys:FILE_LOG_PATTERN_IS_UNDEFINEDsys:FILE_LOG_PATTERN_IS_UNDEFINEDsys:FILE_LOG_PATTERN_IS_UNDEFINEDsys:FILE_LOG_PATTERN_IS_UNDEFINEDsys:FILE_LOG_PATTERN_IS_UNDEFINEDsys:FILE_LOG_PATTERN_IS_UNDEFINEDsys:FILE_LOG_PATTERN_IS_UNDEFINEDsys:FILE_LOG_PATTERN_IS_UNDEFINEDsys:FILE_LOG_PATTERN_IS_UNDEFINEDsys:FILE_LOG_PATTERN_IS_UNDEFINEDsys:FILE_LOG_PATTERN_IS_UNDEFINEDsys:FILE_LOG_PATTERN_IS_UNDEFINEDsys:FILE_LOG_PATTERN_IS_UNDEFINEDsys:FILE_LOG_PATTERN_IS_UNDEFINEDsys:FILE_LOG_PATTERN_IS_UNDEFINEDsys:FILE_LOG_PATTERN_IS_UNDEFINEDsys:FILE_LOG_PATTERN_IS_UNDEFINEDsys:FILE_LOG_PATTERN_IS_UNDEFINEDsys:FILE_LOG_PATTERN_IS_UNDEFINEDsys:FILE_LOG_PATTERN_IS_UNDEFINEDsys:FILE_LOG_PATTERN_IS_UNDEFINEDsys:FILE_LOG_PATTERN_IS_UNDEFINEDsys:FILE_LOG_PATTERN_IS_UNDEFINEDsys:FILE_LOG_PATTERN_IS_UNDEFINEDsys:FILE_LOG_PATTERN_IS_UNDEFINEDsys:FILE_LOG_PATTERN_IS_UNDEFINEDsys:FILE_LOG_PATTERN_IS_UNDEFINEDsys:FILE_LOG_PATTERN_IS_UNDEFINEDsys:FILE_LOG_PATTERN_IS_UNDEFINEDsys:FILE_LOG_PATTERN_IS_UNDEFINEDsys:FILE_LOG_PATTERN_IS_UNDEFINEDsys:FILE_LOG_PATTERN_IS_UNDEFINEDsys:FILE_LOG_PATTERN_IS_UNDEFINEDsys:FILE_LOG_PATTERN_IS_UNDEFINEDsys:FILE_LOG_PATTERN_IS_UNDEFINEDsys:FILE_LOG_PATTERN_IS_UNDEFINEDsys:FILE_LOG_PATTERN_IS_UNDEFINEDsys:FILE_LOG_PATTERN_IS_UNDEFINEDsys:FILE_LOG_PATTERN_IS_UNDEFINEDsys:FILE_LOG_PATTERN_IS_UNDEFINEDsys:FILE_LOG_PATTERN_IS_UNDEFINED2018-04-13 18:45:54.791 ERROR 21992 --- [restartedMain] o.s.boot.SpringApplication               : Application run failed

java.lang.IllegalStateException: Logback configuration error detected: 
ERROR in ch.qos.logback.core.rolling.RollingFileAppender[ROLLING] - 'File' option has the same value "demo3.log" as that given for appender [FILE] defined earlier.
ERROR in ch.qos.logback.core.rolling.RollingFileAppender[ROLLING] - Collisions detected with FileAppender/RollingAppender instances defined earlier. Aborting.
ERROR in ch.qos.logback.core.rolling.RollingFileAppender[ROLLING] - For more information, please visit http://logback.qos.ch/codes.html#earlier_fa_collision
	at org.springframework.boot.logging.logback.LogbackLoggingSystem.loadConfiguration(LogbackLoggingSystem.java:166)
	at org.springframework.boot.logging.AbstractLoggingSystem.initializeWithConventions(AbstractLoggingSystem.java:82)
	at org.springframework.boot.logging.AbstractLoggingSystem.initialize(AbstractLoggingSystem.java:60)
	at org.springframework.boot.logging.logback.LogbackLoggingSystem.initialize(LogbackLoggingSystem.java:114)
	at org.springframework.boot.context.logging.LoggingApplicationListener.initializeSystem(LoggingApplicationListener.java:264)
	at org.springframework.boot.context.logging.LoggingApplicationListener.initialize(LoggingApplicationListener.java:237)
	at org.springframework.boot.context.logging.LoggingApplicationListener.onApplicationEnvironmentPreparedEvent(LoggingApplicationListener.java:200)
	at org.springframework.boot.context.logging.LoggingApplicationListener.onApplicationEvent(LoggingApplicationListener.java:173)
	at org.springframework.context.event.SimpleApplicationEventMulticaster.doInvokeListener(SimpleApplicationEventMulticaster.java:172)
	at org.springframework.context.event.SimpleApplicationEventMulticaster.invokeListener(SimpleApplicationEventMulticaster.java:165)
	at org.springframework.context.event.SimpleApplicationEventMulticaster.multicastEvent(SimpleApplicationEventMulticaster.java:139)
	at org.springframework.context.event.SimpleApplicationEventMulticaster.multicastEvent(SimpleApplicationEventMulticaster.java:127)
	at org.springframework.boot.context.event.EventPublishingRunListener.environmentPrepared(EventPublishingRunListener.java:74)
	at org.springframework.boot.SpringApplicationRunListeners.environmentPrepared(SpringApplicationRunListeners.java:54)
	at org.springframework.boot.SpringApplication.prepareEnvironment(SpringApplication.java:358)
	at org.springframework.boot.SpringApplication.run(SpringApplication.java:317)
	at org.springframework.boot.SpringApplication.run(SpringApplication.java:1255)
	at org.springframework.boot.SpringApplication.run(SpringApplication.java:1243)
	at com.example.demo2.Demo2Application.main(Demo2Application.java:10)
	at sun.reflect.NativeMethodAccessorImpl.invoke0(Native Method)
	at sun.reflect.NativeMethodAccessorImpl.invoke(NativeMethodAccessorImpl.java:62)
	at sun.reflect.DelegatingMethodAccessorImpl.invoke(DelegatingMethodAccessorImpl.java:43)
	at java.lang.reflect.Method.invoke(Method.java:498)
	at org.springframework.boot.devtools.restart.RestartLauncher.run(RestartLauncher.java:49)

sys:FILE_LOG_PATTERN_IS_UNDEFINEDsys:FILE_LOG_PATTERN_IS_UNDEFINEDsys:FILE_LOG_PATTERN_IS_UNDEFINEDsys:FILE_LOG_PATTERN_IS_UNDEFINEDsys:FILE_LOG_PATTERN_IS_UNDEFINEDsys:FILE_LOG_PATTERN_IS_UNDEFINEDsys:FILE_LOG_PATTERN_IS_UNDEFINEDsys:FILE_LOG_PATTERN_IS_UNDEFINEDsys:FILE_LOG_PATTERN_IS_UNDEFINEDsys:FILE_LOG_PATTERN_IS_UNDEFINEDsys:FILE_LOG_PATTERN_IS_UNDEFINEDsys:FILE_LOG_PATTERN_IS_UNDEFINEDsys:FILE_LOG_PATTERN_IS_UNDEFINEDsys:FILE_LOG_PATTERN_IS_UNDEFINEDsys:FILE_LOG_PATTERN_IS_UNDEFINEDsys:FILE_LOG_PATTERN_IS_UNDEFINEDsys:FILE_LOG_PATTERN_IS_UNDEFINEDsys:FILE_LOG_PATTERN_IS_UNDEFINEDsys:FILE_LOG_PATTERN_IS_UNDEFINEDsys:FILE_LOG_PATTERN_IS_UNDEFINEDsys:FILE_LOG_PATTERN_IS_UNDEFINEDsys:FILE_LOG_PATTERN_IS_UNDEFINEDsys:FILE_LOG_PATTERN_IS_UNDEFINEDsys:FILE_LOG_PATTERN_IS_UNDEFINEDsys:FILE_LOG_PATTERN_IS_UNDEFINEDsys:FILE_LOG_PATTERN_IS_UNDEFINEDsys:FILE_LOG_PATTERN_IS_UNDEFINEDsys:FILE_LOG_PATTERN_IS_UNDEFINEDsys:FILE_LOG_PATTERN_IS_UNDEFINEDsys:FILE_LOG_PATTERN_IS_UNDEFINEDsys:FILE_LOG_PATTERN_IS_UNDEFINEDsys:FILE_LOG_PATTERN_IS_UNDEFINEDsys:FILE_LOG_PATTERN_IS_UNDEFINEDsys:FILE_LOG_PATTERN_IS_UNDEFINEDsys:FILE_LOG_PATTERN_IS_UNDEFINEDsys:FILE_LOG_PATTERN_IS_UNDEFINEDsys:FILE_LOG_PATTERN_IS_UNDEFINEDsys:FILE_LOG_PATTERN_IS_UNDEFINEDsys:FILE_LOG_PATTERN_IS_UNDEFINEDsys:FILE_LOG_PATTERN_IS_UNDEFINEDsys:FILE_LOG_PATTERN_IS_UNDEFINEDsys:FILE_LOG_PATTERN_IS_UNDEFINEDsys:FILE_LOG_PATTERN_IS_UNDEFINED2018-04-13 18:51:56.948  INFO 22045 --- [restartedMain] com.example.demo2.Demo2Application       : Starting Demo2Application on pengdeMacBook-Pro.local with PID 22045 (/Users/pengzhang/IdeaProjects/demo2/target/classes started by pengzhang in /Users/pengzhang/IdeaProjects/demo2)
2018-04-13 18:51:56.949  INFO 22045 --- [restartedMain] com.example.demo2.Demo2Application       : No active profile set, falling back to default profiles: default
2018-04-13 18:51:57.041  INFO 22045 --- [restartedMain] ConfigServletWebServerApplicationContext : Refreshing org.springframework.boot.web.servlet.context.AnnotationConfigServletWebServerApplicationContext@71033e4a: startup date [Fri Apr 13 18:51:57 CST 2018]; root of context hierarchy
2018-04-13 18:51:57.989  INFO 22045 --- [restartedMain] .s.d.r.c.RepositoryConfigurationDelegate : Multiple Spring Data modules found, entering strict repository configuration mode!
2018-04-13 18:51:58.610  INFO 22045 --- [restartedMain] o.s.b.w.embedded.tomcat.TomcatWebServer  : Tomcat initialized with port(s): 8080 (http)
2018-04-13 18:51:58.631  INFO 22045 --- [restartedMain] o.apache.catalina.core.StandardService   : Starting service [Tomcat]
2018-04-13 18:51:58.631  INFO 22045 --- [restartedMain] org.apache.catalina.core.StandardEngine  : Starting Servlet Engine: Apache Tomcat/8.5.29
2018-04-13 18:51:58.633  INFO 22045 --- [localhost-startStop-1] o.a.catalina.core.AprLifecycleListener   : The APR based Apache Tomcat Native library which allows optimal performance in production environments was not found on the java.library.path: [/Users/pengzhang/Library/Java/Extensions:/Library/Java/Extensions:/Network/Library/Java/Extensions:/System/Library/Java/Extensions:/usr/lib/java:.]
2018-04-13 18:51:58.720  INFO 22045 --- [localhost-startStop-1] o.a.c.c.C.[Tomcat].[localhost].[/]       : Initializing Spring embedded WebApplicationContext
2018-04-13 18:51:58.720  INFO 22045 --- [localhost-startStop-1] o.s.web.context.ContextLoader            : Root WebApplicationContext: initialization completed in 1679 ms
2018-04-13 18:51:59.557  INFO 22045 --- [localhost-startStop-1] o.s.b.w.servlet.FilterRegistrationBean   : Mapping filter: 'characterEncodingFilter' to: [/*]
2018-04-13 18:51:59.558  INFO 22045 --- [localhost-startStop-1] o.s.b.w.servlet.FilterRegistrationBean   : Mapping filter: 'sessionRepositoryFilter' to: [/*]
2018-04-13 18:51:59.558  INFO 22045 --- [localhost-startStop-1] o.s.b.w.servlet.FilterRegistrationBean   : Mapping filter: 'hiddenHttpMethodFilter' to: [/*]
2018-04-13 18:51:59.558  INFO 22045 --- [localhost-startStop-1] o.s.b.w.servlet.FilterRegistrationBean   : Mapping filter: 'httpPutFormContentFilter' to: [/*]
2018-04-13 18:51:59.558  INFO 22045 --- [localhost-startStop-1] o.s.b.w.servlet.FilterRegistrationBean   : Mapping filter: 'requestContextFilter' to: [/*]
2018-04-13 18:51:59.558  INFO 22045 --- [localhost-startStop-1] o.s.b.w.servlet.FilterRegistrationBean   : Mapping filter: 'httpTraceFilter' to: [/*]
2018-04-13 18:51:59.558  INFO 22045 --- [localhost-startStop-1] o.s.b.w.servlet.FilterRegistrationBean   : Mapping filter: 'webMvcMetricsFilter' to: [/*]
2018-04-13 18:51:59.558  INFO 22045 --- [localhost-startStop-1] o.s.b.w.servlet.ServletRegistrationBean  : Servlet dispatcherServlet mapped to [/]
2018-04-13 18:51:59.637  INFO 22045 --- [restartedMain] o.s.w.s.handler.SimpleUrlHandlerMapping  : Mapped URL path [/**/favicon.ico] onto handler of type [class org.springframework.web.servlet.resource.ResourceHttpRequestHandler]
2018-04-13 18:51:59.915  INFO 22045 --- [restartedMain] s.w.s.m.m.a.RequestMappingHandlerAdapter : Looking for @ControllerAdvice: org.springframework.boot.web.servlet.context.AnnotationConfigServletWebServerApplicationContext@71033e4a: startup date [Fri Apr 13 18:51:57 CST 2018]; root of context hierarchy
2018-04-13 18:51:59.980  INFO 22045 --- [restartedMain] s.w.s.m.m.a.RequestMappingHandlerMapping : Mapped "{[/]}" onto java.lang.String com.example.demo2.controller.SampleController.home()
2018-04-13 18:51:59.987  INFO 22045 --- [restartedMain] s.w.s.m.m.a.RequestMappingHandlerMapping : Mapped "{[/error]}" onto public org.springframework.http.ResponseEntity<java.util.Map<java.lang.String, java.lang.Object>> org.springframework.boot.autoconfigure.web.servlet.error.BasicErrorController.error(javax.servlet.http.HttpServletRequest)
2018-04-13 18:51:59.988  INFO 22045 --- [restartedMain] s.w.s.m.m.a.RequestMappingHandlerMapping : Mapped "{[/error],produces=[text/html]}" onto public org.springframework.web.servlet.ModelAndView org.springframework.boot.autoconfigure.web.servlet.error.BasicErrorController.errorHtml(javax.servlet.http.HttpServletRequest,javax.servlet.http.HttpServletResponse)
2018-04-13 18:52:00.014  INFO 22045 --- [restartedMain] o.s.w.s.handler.SimpleUrlHandlerMapping  : Mapped URL path [/webjars/**] onto handler of type [class org.springframework.web.servlet.resource.ResourceHttpRequestHandler]
2018-04-13 18:52:00.014  INFO 22045 --- [restartedMain] o.s.w.s.handler.SimpleUrlHandlerMapping  : Mapped URL path [/**] onto handler of type [class org.springframework.web.servlet.resource.ResourceHttpRequestHandler]
2018-04-13 18:52:00.318  INFO 22045 --- [restartedMain] io.lettuce.core.EpollProvider            : Starting without optional epoll library
2018-04-13 18:52:00.319  INFO 22045 --- [restartedMain] io.lettuce.core.KqueueProvider           : Starting without optional kqueue library
2018-04-13 18:52:00.589  INFO 22045 --- [restartedMain] o.s.b.d.a.OptionalLiveReloadServer       : LiveReload server is running on port 35729
2018-04-13 18:52:00.599  INFO 22045 --- [restartedMain] o.s.b.a.e.web.EndpointLinksResolver      : Exposing 2 endpoint(s) beneath base path '/actuator'
2018-04-13 18:52:00.609  INFO 22045 --- [restartedMain] s.b.a.e.w.s.WebMvcEndpointHandlerMapping : Mapped "{[/actuator/health],methods=[GET],produces=[application/vnd.spring-boot.actuator.v2+json || application/json]}" onto public java.lang.Object org.springframework.boot.actuate.endpoint.web.servlet.AbstractWebMvcEndpointHandlerMapping$OperationHandler.handle(javax.servlet.http.HttpServletRequest,java.util.Map<java.lang.String, java.lang.String>)
2018-04-13 18:52:00.610  INFO 22045 --- [restartedMain] s.b.a.e.w.s.WebMvcEndpointHandlerMapping : Mapped "{[/actuator/info],methods=[GET],produces=[application/vnd.spring-boot.actuator.v2+json || application/json]}" onto public java.lang.Object org.springframework.boot.actuate.endpoint.web.servlet.AbstractWebMvcEndpointHandlerMapping$OperationHandler.handle(javax.servlet.http.HttpServletRequest,java.util.Map<java.lang.String, java.lang.String>)
2018-04-13 18:52:00.610  INFO 22045 --- [restartedMain] s.b.a.e.w.s.WebMvcEndpointHandlerMapping : Mapped "{[/actuator],methods=[GET],produces=[application/vnd.spring-boot.actuator.v2+json || application/json]}" onto protected java.util.Map<java.lang.String, java.util.Map<java.lang.String, org.springframework.boot.actuate.endpoint.web.Link>> org.springframework.boot.actuate.endpoint.web.servlet.WebMvcEndpointHandlerMapping.links(javax.servlet.http.HttpServletRequest,javax.servlet.http.HttpServletResponse)
2018-04-13 18:52:00.661  INFO 22045 --- [restartedMain] o.s.j.e.a.AnnotationMBeanExporter        : Registering beans for JMX exposure on startup
2018-04-13 18:52:00.675  INFO 22045 --- [restartedMain] o.s.c.support.DefaultLifecycleProcessor  : Starting beans in phase 2147483647
2018-04-13 18:52:00.726  INFO 22045 --- [restartedMain] s.a.ScheduledAnnotationBeanPostProcessor : No TaskScheduler/ScheduledExecutorService bean found for scheduled processing
2018-04-13 18:52:00.746  INFO 22045 --- [restartedMain] o.s.b.w.embedded.tomcat.TomcatWebServer  : Tomcat started on port(s): 8080 (http) with context path ''
2018-04-13 18:52:00.750  INFO 22045 --- [restartedMain] com.example.demo2.Demo2Application       : Started Demo2Application in 4.202 seconds (JVM running for 4.903)
2018-04-13 18:52:01.469  INFO 22045 --- [RMI TCP Connection(2)-127.0.0.1] o.a.c.c.C.[Tomcat].[localhost].[/]       : Initializing Spring FrameworkServlet 'dispatcherServlet'
2018-04-13 18:52:01.470  INFO 22045 --- [RMI TCP Connection(2)-127.0.0.1] o.s.web.servlet.DispatcherServlet        : FrameworkServlet 'dispatcherServlet': initialization started
2018-04-13 18:52:01.485  INFO 22045 --- [RMI TCP Connection(2)-127.0.0.1] o.s.web.servlet.DispatcherServlet        : FrameworkServlet 'dispatcherServlet': initialization completed in 13 ms
2018-04-13 20:34:50.121  INFO 22045 --- [Thread-26] ConfigServletWebServerApplicationContext : Closing org.springframework.boot.web.servlet.context.AnnotationConfigServletWebServerApplicationContext@71033e4a: startup date [Fri Apr 13 18:51:57 CST 2018]; root of context hierarchy
2018-04-13 20:34:50.144  INFO 22045 --- [Thread-26] o.s.c.support.DefaultLifecycleProcessor  : Stopping beans in phase 2147483647
2018-04-13 20:34:50.159  INFO 22045 --- [Thread-26] o.s.j.e.a.AnnotationMBeanExporter        : Unregistering JMX-exposed beans on shutdown
2018-04-13 21:04:32.594  INFO 23790 --- [main] com.example.demo2.Demo2ApplicationTests  : Starting Demo2ApplicationTests on pengdeMacBook-Pro.local with PID 23790 (started by pengzhang in /Users/pengzhang/IdeaProjects/demo2)
2018-04-13 21:04:32.596  INFO 23790 --- [main] com.example.demo2.Demo2ApplicationTests  : No active profile set, falling back to default profiles: default
2018-04-13 21:04:32.673  INFO 23790 --- [main] o.s.w.c.s.GenericWebApplicationContext   : Refreshing org.springframework.web.context.support.GenericWebApplicationContext@4b79ac84: startup date [Fri Apr 13 21:04:32 CST 2018]; root of context hierarchy
2018-04-13 21:04:33.718  INFO 23790 --- [main] .s.d.r.c.RepositoryConfigurationDelegate : Multiple Spring Data modules found, entering strict repository configuration mode!
2018-04-13 21:04:34.752  INFO 23790 --- [main] o.s.w.s.handler.SimpleUrlHandlerMapping  : Mapped URL path [/**/favicon.ico] onto handler of type [class org.springframework.web.servlet.resource.ResourceHttpRequestHandler]
2018-04-13 21:04:35.121  INFO 23790 --- [main] s.w.s.m.m.a.RequestMappingHandlerAdapter : Looking for @ControllerAdvice: org.springframework.web.context.support.GenericWebApplicationContext@4b79ac84: startup date [Fri Apr 13 21:04:32 CST 2018]; root of context hierarchy
2018-04-13 21:04:35.209  INFO 23790 --- [main] s.w.s.m.m.a.RequestMappingHandlerMapping : Mapped "{[/]}" onto java.lang.String com.example.demo2.controller.SampleController.home()
2018-04-13 21:04:35.211  INFO 23790 --- [main] s.w.s.m.m.a.RequestMappingHandlerMapping : Mapped "{[/error]}" onto public org.springframework.http.ResponseEntity<java.util.Map<java.lang.String, java.lang.Object>> org.springframework.boot.autoconfigure.web.servlet.error.BasicErrorController.error(javax.servlet.http.HttpServletRequest)
2018-04-13 21:04:35.212  INFO 23790 --- [main] s.w.s.m.m.a.RequestMappingHandlerMapping : Mapped "{[/error],produces=[text/html]}" onto public org.springframework.web.servlet.ModelAndView org.springframework.boot.autoconfigure.web.servlet.error.BasicErrorController.errorHtml(javax.servlet.http.HttpServletRequest,javax.servlet.http.HttpServletResponse)
2018-04-13 21:04:35.250  INFO 23790 --- [main] o.s.w.s.handler.SimpleUrlHandlerMapping  : Mapped URL path [/webjars/**] onto handler of type [class org.springframework.web.servlet.resource.ResourceHttpRequestHandler]
2018-04-13 21:04:35.250  INFO 23790 --- [main] o.s.w.s.handler.SimpleUrlHandlerMapping  : Mapped URL path [/**] onto handler of type [class org.springframework.web.servlet.resource.ResourceHttpRequestHandler]
2018-04-13 21:04:36.537  INFO 23790 --- [main] io.lettuce.core.EpollProvider            : Starting without optional epoll library
2018-04-13 21:04:36.541  INFO 23790 --- [main] io.lettuce.core.KqueueProvider           : Starting without optional kqueue library
2018-04-13 21:04:37.176  INFO 23790 --- [main] o.s.b.a.e.web.EndpointLinksResolver      : Exposing 2 endpoint(s) beneath base path '/actuator'
2018-04-13 21:04:37.190  INFO 23790 --- [main] s.b.a.e.w.s.WebMvcEndpointHandlerMapping : Mapped "{[/actuator/health],methods=[GET],produces=[application/vnd.spring-boot.actuator.v2+json || application/json]}" onto public java.lang.Object org.springframework.boot.actuate.endpoint.web.servlet.AbstractWebMvcEndpointHandlerMapping$OperationHandler.handle(javax.servlet.http.HttpServletRequest,java.util.Map<java.lang.String, java.lang.String>)
2018-04-13 21:04:37.190  INFO 23790 --- [main] s.b.a.e.w.s.WebMvcEndpointHandlerMapping : Mapped "{[/actuator/info],methods=[GET],produces=[application/vnd.spring-boot.actuator.v2+json || application/json]}" onto public java.lang.Object org.springframework.boot.actuate.endpoint.web.servlet.AbstractWebMvcEndpointHandlerMapping$OperationHandler.handle(javax.servlet.http.HttpServletRequest,java.util.Map<java.lang.String, java.lang.String>)
2018-04-13 21:04:37.191  INFO 23790 --- [main] s.b.a.e.w.s.WebMvcEndpointHandlerMapping : Mapped "{[/actuator],methods=[GET],produces=[application/vnd.spring-boot.actuator.v2+json || application/json]}" onto protected java.util.Map<java.lang.String, java.util.Map<java.lang.String, org.springframework.boot.actuate.endpoint.web.Link>> org.springframework.boot.actuate.endpoint.web.servlet.WebMvcEndpointHandlerMapping.links(javax.servlet.http.HttpServletRequest,javax.servlet.http.HttpServletResponse)
2018-04-13 21:04:37.268  INFO 23790 --- [main] o.s.c.support.DefaultLifecycleProcessor  : Starting beans in phase 2147483647
2018-04-13 21:04:37.361  INFO 23790 --- [main] s.a.ScheduledAnnotationBeanPostProcessor : No TaskScheduler/ScheduledExecutorService bean found for scheduled processing
2018-04-13 21:04:37.375  INFO 23790 --- [main] com.example.demo2.Demo2ApplicationTests  : Started Demo2ApplicationTests in 5.578 seconds (JVM running for 7.407)
2018-04-13 21:04:37.603  INFO 23790 --- [Thread-11] o.s.w.c.s.GenericWebApplicationContext   : Closing org.springframework.web.context.support.GenericWebApplicationContext@4b79ac84: startup date [Fri Apr 13 21:04:32 CST 2018]; root of context hierarchy
2018-04-13 21:04:37.606  INFO 23790 --- [Thread-11] o.s.c.support.DefaultLifecycleProcessor  : Stopping beans in phase 2147483647
2018-04-13 21:05:16.895  INFO 23855 --- [main] com.example.demo2.Demo2Application       : Starting Demo2Application v0.0.1-SNAPSHOT on pengdeMacBook-Pro.local with PID 23855 (/Users/pengzhang/IdeaProjects/demo2/target/demo2-0.0.1-SNAPSHOT.jar started by pengzhang in /Users/pengzhang/IdeaProjects/demo2)
2018-04-13 21:05:16.902  INFO 23855 --- [main] com.example.demo2.Demo2Application       : No active profile set, falling back to default profiles: default
2018-04-13 21:05:16.987  INFO 23855 --- [main] ConfigServletWebServerApplicationContext : Refreshing org.springframework.boot.web.servlet.context.AnnotationConfigServletWebServerApplicationContext@4b6995df: startup date [Fri Apr 13 21:05:16 CST 2018]; root of context hierarchy
2018-04-13 21:05:18.442  INFO 23855 --- [main] .s.d.r.c.RepositoryConfigurationDelegate : Multiple Spring Data modules found, entering strict repository configuration mode!
2018-04-13 21:05:19.593  INFO 23855 --- [main] o.s.b.w.embedded.tomcat.TomcatWebServer  : Tomcat initialized with port(s): 8080 (http)
2018-04-13 21:05:19.627  INFO 23855 --- [main] o.apache.catalina.core.StandardService   : Starting service [Tomcat]
2018-04-13 21:05:19.627  INFO 23855 --- [main] org.apache.catalina.core.StandardEngine  : Starting Servlet Engine: Apache Tomcat/8.5.29
2018-04-13 21:05:19.641  INFO 23855 --- [localhost-startStop-1] o.a.catalina.core.AprLifecycleListener   : The APR based Apache Tomcat Native library which allows optimal performance in production environments was not found on the java.library.path: [/Users/pengzhang/Library/Java/Extensions:/Library/Java/Extensions:/Network/Library/Java/Extensions:/System/Library/Java/Extensions:/usr/lib/java:.]
2018-04-13 21:05:19.753  INFO 23855 --- [localhost-startStop-1] o.a.c.c.C.[Tomcat].[localhost].[/]       : Initializing Spring embedded WebApplicationContext
2018-04-13 21:05:19.753  INFO 23855 --- [localhost-startStop-1] o.s.web.context.ContextLoader            : Root WebApplicationContext: initialization completed in 2766 ms
2018-04-13 21:05:21.100  INFO 23855 --- [localhost-startStop-1] o.s.b.w.servlet.FilterRegistrationBean   : Mapping filter: 'characterEncodingFilter' to: [/*]
2018-04-13 21:05:21.101  INFO 23855 --- [localhost-startStop-1] o.s.b.w.servlet.FilterRegistrationBean   : Mapping filter: 'sessionRepositoryFilter' to: [/*]
2018-04-13 21:05:21.101  INFO 23855 --- [localhost-startStop-1] o.s.b.w.servlet.FilterRegistrationBean   : Mapping filter: 'hiddenHttpMethodFilter' to: [/*]
2018-04-13 21:05:21.101  INFO 23855 --- [localhost-startStop-1] o.s.b.w.servlet.FilterRegistrationBean   : Mapping filter: 'httpPutFormContentFilter' to: [/*]
2018-04-13 21:05:21.101  INFO 23855 --- [localhost-startStop-1] o.s.b.w.servlet.FilterRegistrationBean   : Mapping filter: 'requestContextFilter' to: [/*]
2018-04-13 21:05:21.101  INFO 23855 --- [localhost-startStop-1] o.s.b.w.servlet.FilterRegistrationBean   : Mapping filter: 'httpTraceFilter' to: [/*]
2018-04-13 21:05:21.101  INFO 23855 --- [localhost-startStop-1] o.s.b.w.servlet.FilterRegistrationBean   : Mapping filter: 'webMvcMetricsFilter' to: [/*]
2018-04-13 21:05:21.101  INFO 23855 --- [localhost-startStop-1] o.s.b.w.servlet.ServletRegistrationBean  : Servlet dispatcherServlet mapped to [/]
2018-04-13 21:05:21.247  INFO 23855 --- [main] o.s.w.s.handler.SimpleUrlHandlerMapping  : Mapped URL path [/**/favicon.ico] onto handler of type [class org.springframework.web.servlet.resource.ResourceHttpRequestHandler]
2018-04-13 21:05:21.612  INFO 23855 --- [main] s.w.s.m.m.a.RequestMappingHandlerAdapter : Looking for @ControllerAdvice: org.springframework.boot.web.servlet.context.AnnotationConfigServletWebServerApplicationContext@4b6995df: startup date [Fri Apr 13 21:05:16 CST 2018]; root of context hierarchy
2018-04-13 21:05:21.731  INFO 23855 --- [main] s.w.s.m.m.a.RequestMappingHandlerMapping : Mapped "{[/]}" onto java.lang.String com.example.demo2.controller.SampleController.home()
2018-04-13 21:05:21.736  INFO 23855 --- [main] s.w.s.m.m.a.RequestMappingHandlerMapping : Mapped "{[/error]}" onto public org.springframework.http.ResponseEntity<java.util.Map<java.lang.String, java.lang.Object>> org.springframework.boot.autoconfigure.web.servlet.error.BasicErrorController.error(javax.servlet.http.HttpServletRequest)
2018-04-13 21:05:21.736  INFO 23855 --- [main] s.w.s.m.m.a.RequestMappingHandlerMapping : Mapped "{[/error],produces=[text/html]}" onto public org.springframework.web.servlet.ModelAndView org.springframework.boot.autoconfigure.web.servlet.error.BasicErrorController.errorHtml(javax.servlet.http.HttpServletRequest,javax.servlet.http.HttpServletResponse)
2018-04-13 21:05:21.789  INFO 23855 --- [main] o.s.w.s.handler.SimpleUrlHandlerMapping  : Mapped URL path [/webjars/**] onto handler of type [class org.springframework.web.servlet.resource.ResourceHttpRequestHandler]
2018-04-13 21:05:21.789  INFO 23855 --- [main] o.s.w.s.handler.SimpleUrlHandlerMapping  : Mapped URL path [/**] onto handler of type [class org.springframework.web.servlet.resource.ResourceHttpRequestHandler]
2018-04-13 21:05:22.291  INFO 23855 --- [main] io.lettuce.core.EpollProvider            : Starting without optional epoll library
2018-04-13 21:05:22.293  INFO 23855 --- [main] io.lettuce.core.KqueueProvider           : Starting without optional kqueue library
2018-04-13 21:05:22.687  INFO 23855 --- [main] o.s.b.a.e.web.EndpointLinksResolver      : Exposing 2 endpoint(s) beneath base path '/actuator'
2018-04-13 21:05:22.700  INFO 23855 --- [main] s.b.a.e.w.s.WebMvcEndpointHandlerMapping : Mapped "{[/actuator/health],methods=[GET],produces=[application/vnd.spring-boot.actuator.v2+json || application/json]}" onto public java.lang.Object org.springframework.boot.actuate.endpoint.web.servlet.AbstractWebMvcEndpointHandlerMapping$OperationHandler.handle(javax.servlet.http.HttpServletRequest,java.util.Map<java.lang.String, java.lang.String>)
2018-04-13 21:05:22.700  INFO 23855 --- [main] s.b.a.e.w.s.WebMvcEndpointHandlerMapping : Mapped "{[/actuator/info],methods=[GET],produces=[application/vnd.spring-boot.actuator.v2+json || application/json]}" onto public java.lang.Object org.springframework.boot.actuate.endpoint.web.servlet.AbstractWebMvcEndpointHandlerMapping$OperationHandler.handle(javax.servlet.http.HttpServletRequest,java.util.Map<java.lang.String, java.lang.String>)
2018-04-13 21:05:22.701  INFO 23855 --- [main] s.b.a.e.w.s.WebMvcEndpointHandlerMapping : Mapped "{[/actuator],methods=[GET],produces=[application/vnd.spring-boot.actuator.v2+json || application/json]}" onto protected java.util.Map<java.lang.String, java.util.Map<java.lang.String, org.springframework.boot.actuate.endpoint.web.Link>> org.springframework.boot.actuate.endpoint.web.servlet.WebMvcEndpointHandlerMapping.links(javax.servlet.http.HttpServletRequest,javax.servlet.http.HttpServletResponse)
2018-04-13 21:05:22.750  INFO 23855 --- [main] o.s.j.e.a.AnnotationMBeanExporter        : Registering beans for JMX exposure on startup
2018-04-13 21:05:22.761  INFO 23855 --- [main] o.s.c.support.DefaultLifecycleProcessor  : Starting beans in phase 2147483647
2018-04-13 21:05:22.847  INFO 23855 --- [main] s.a.ScheduledAnnotationBeanPostProcessor : No TaskScheduler/ScheduledExecutorService bean found for scheduled processing
2018-04-13 21:05:22.902  INFO 23855 --- [main] o.s.b.w.embedded.tomcat.TomcatWebServer  : Tomcat started on port(s): 8080 (http) with context path ''
2018-04-13 21:05:22.908  INFO 23855 --- [main] com.example.demo2.Demo2Application       : Started Demo2Application in 7.036 seconds (JVM running for 7.991)
2018-04-13 21:05:27.194  INFO 23855 --- [Thread-11] ConfigServletWebServerApplicationContext : Closing org.springframework.boot.web.servlet.context.AnnotationConfigServletWebServerApplicationContext@4b6995df: startup date [Fri Apr 13 21:05:16 CST 2018]; root of context hierarchy
2018-04-13 21:05:27.200  INFO 23855 --- [Thread-11] o.s.c.support.DefaultLifecycleProcessor  : Stopping beans in phase 2147483647
2018-04-13 21:05:27.207  INFO 23855 --- [Thread-11] o.s.j.e.a.AnnotationMBeanExporter        : Unregistering JMX-exposed beans on shutdown
2018-04-13 21:21:49.352  INFO 24056 --- [main] com.example.demo2.Demo2ApplicationTests  : Starting Demo2ApplicationTests on pengdeMacBook-Pro.local with PID 24056 (started by pengzhang in /Users/pengzhang/IdeaProjects/demo2)
2018-04-13 21:21:49.354  INFO 24056 --- [main] com.example.demo2.Demo2ApplicationTests  : No active profile set, falling back to default profiles: default
2018-04-13 21:21:49.402  INFO 24056 --- [main] o.s.w.c.s.GenericWebApplicationContext   : Refreshing org.springframework.web.context.support.GenericWebApplicationContext@27d4a09: startup date [Fri Apr 13 21:21:49 CST 2018]; root of context hierarchy
2018-04-13 21:21:50.736  INFO 24056 --- [main] .s.d.r.c.RepositoryConfigurationDelegate : Multiple Spring Data modules found, entering strict repository configuration mode!
2018-04-13 21:21:52.818  INFO 24056 --- [main] o.s.w.s.handler.SimpleUrlHandlerMapping  : Mapped URL path [/**/favicon.ico] onto handler of type [class org.springframework.web.servlet.resource.ResourceHttpRequestHandler]
2018-04-13 21:21:53.607  INFO 24056 --- [main] s.w.s.m.m.a.RequestMappingHandlerAdapter : Looking for @ControllerAdvice: org.springframework.web.context.support.GenericWebApplicationContext@27d4a09: startup date [Fri Apr 13 21:21:49 CST 2018]; root of context hierarchy
2018-04-13 21:21:53.721  INFO 24056 --- [main] s.w.s.m.m.a.RequestMappingHandlerMapping : Mapped "{[/]}" onto java.lang.String com.example.demo2.controller.SampleController.home()
2018-04-13 21:21:53.725  INFO 24056 --- [main] s.w.s.m.m.a.RequestMappingHandlerMapping : Mapped "{[/error]}" onto public org.springframework.http.ResponseEntity<java.util.Map<java.lang.String, java.lang.Object>> org.springframework.boot.autoconfigure.web.servlet.error.BasicErrorController.error(javax.servlet.http.HttpServletRequest)
2018-04-13 21:21:53.725  INFO 24056 --- [main] s.w.s.m.m.a.RequestMappingHandlerMapping : Mapped "{[/error],produces=[text/html]}" onto public org.springframework.web.servlet.ModelAndView org.springframework.boot.autoconfigure.web.servlet.error.BasicErrorController.errorHtml(javax.servlet.http.HttpServletRequest,javax.servlet.http.HttpServletResponse)
2018-04-13 21:21:53.769  INFO 24056 --- [main] o.s.w.s.handler.SimpleUrlHandlerMapping  : Mapped URL path [/webjars/**] onto handler of type [class org.springframework.web.servlet.resource.ResourceHttpRequestHandler]
2018-04-13 21:21:53.770  INFO 24056 --- [main] o.s.w.s.handler.SimpleUrlHandlerMapping  : Mapped URL path [/**] onto handler of type [class org.springframework.web.servlet.resource.ResourceHttpRequestHandler]
2018-04-13 21:21:55.674  INFO 24056 --- [main] io.lettuce.core.EpollProvider            : Starting without optional epoll library
2018-04-13 21:21:55.675  INFO 24056 --- [main] io.lettuce.core.KqueueProvider           : Starting without optional kqueue library
2018-04-13 21:21:56.093  INFO 24056 --- [main] o.s.b.a.e.web.EndpointLinksResolver      : Exposing 2 endpoint(s) beneath base path '/actuator'
2018-04-13 21:21:56.103  INFO 24056 --- [main] s.b.a.e.w.s.WebMvcEndpointHandlerMapping : Mapped "{[/actuator/health],methods=[GET],produces=[application/vnd.spring-boot.actuator.v2+json || application/json]}" onto public java.lang.Object org.springframework.boot.actuate.endpoint.web.servlet.AbstractWebMvcEndpointHandlerMapping$OperationHandler.handle(javax.servlet.http.HttpServletRequest,java.util.Map<java.lang.String, java.lang.String>)
2018-04-13 21:21:56.103  INFO 24056 --- [main] s.b.a.e.w.s.WebMvcEndpointHandlerMapping : Mapped "{[/actuator/info],methods=[GET],produces=[application/vnd.spring-boot.actuator.v2+json || application/json]}" onto public java.lang.Object org.springframework.boot.actuate.endpoint.web.servlet.AbstractWebMvcEndpointHandlerMapping$OperationHandler.handle(javax.servlet.http.HttpServletRequest,java.util.Map<java.lang.String, java.lang.String>)
2018-04-13 21:21:56.104  INFO 24056 --- [main] s.b.a.e.w.s.WebMvcEndpointHandlerMapping : Mapped "{[/actuator],methods=[GET],produces=[application/vnd.spring-boot.actuator.v2+json || application/json]}" onto protected java.util.Map<java.lang.String, java.util.Map<java.lang.String, org.springframework.boot.actuate.endpoint.web.Link>> org.springframework.boot.actuate.endpoint.web.servlet.WebMvcEndpointHandlerMapping.links(javax.servlet.http.HttpServletRequest,javax.servlet.http.HttpServletResponse)
2018-04-13 21:21:56.187  INFO 24056 --- [main] o.s.c.support.DefaultLifecycleProcessor  : Starting beans in phase 2147483647
2018-04-13 21:21:56.269  INFO 24056 --- [main] s.a.ScheduledAnnotationBeanPostProcessor : No TaskScheduler/ScheduledExecutorService bean found for scheduled processing
2018-04-13 21:21:56.283  INFO 24056 --- [main] com.example.demo2.Demo2ApplicationTests  : Started Demo2ApplicationTests in 7.597 seconds (JVM running for 9.241)
2018-04-13 21:21:56.436  INFO 24056 --- [Thread-11] o.s.w.c.s.GenericWebApplicationContext   : Closing org.springframework.web.context.support.GenericWebApplicationContext@27d4a09: startup date [Fri Apr 13 21:21:49 CST 2018]; root of context hierarchy
2018-04-13 21:21:56.438  INFO 24056 --- [Thread-11] o.s.c.support.DefaultLifecycleProcessor  : Stopping beans in phase 2147483647
2018-04-13 21:33:27.519  INFO 24548 --- [main] com.example.demo2.Demo2ApplicationTests  : Starting Demo2ApplicationTests on pengdeMacBook-Pro.local with PID 24548 (started by pengzhang in /Users/pengzhang/IdeaProjects/demo2)
2018-04-13 21:33:27.533  INFO 24548 --- [main] com.example.demo2.Demo2ApplicationTests  : No active profile set, falling back to default profiles: default
2018-04-13 21:33:27.596  INFO 24548 --- [main] o.s.w.c.s.GenericWebApplicationContext   : Refreshing org.springframework.web.context.support.GenericWebApplicationContext@5460cf3a: startup date [Fri Apr 13 21:33:27 CST 2018]; root of context hierarchy
2018-04-13 21:33:28.733  INFO 24548 --- [main] .s.d.r.c.RepositoryConfigurationDelegate : Multiple Spring Data modules found, entering strict repository configuration mode!
2018-04-13 21:33:29.735  INFO 24548 --- [main] o.s.w.s.handler.SimpleUrlHandlerMapping  : Mapped URL path [/**/favicon.ico] onto handler of type [class org.springframework.web.servlet.resource.ResourceHttpRequestHandler]
2018-04-13 21:33:30.100  INFO 24548 --- [main] s.w.s.m.m.a.RequestMappingHandlerAdapter : Looking for @ControllerAdvice: org.springframework.web.context.support.GenericWebApplicationContext@5460cf3a: startup date [Fri Apr 13 21:33:27 CST 2018]; root of context hierarchy
2018-04-13 21:33:30.176  INFO 24548 --- [main] s.w.s.m.m.a.RequestMappingHandlerMapping : Mapped "{[/]}" onto java.lang.String com.example.demo2.controller.SampleController.home()
2018-04-13 21:33:30.179  INFO 24548 --- [main] s.w.s.m.m.a.RequestMappingHandlerMapping : Mapped "{[/error]}" onto public org.springframework.http.ResponseEntity<java.util.Map<java.lang.String, java.lang.Object>> org.springframework.boot.autoconfigure.web.servlet.error.BasicErrorController.error(javax.servlet.http.HttpServletRequest)
2018-04-13 21:33:30.180  INFO 24548 --- [main] s.w.s.m.m.a.RequestMappingHandlerMapping : Mapped "{[/error],produces=[text/html]}" onto public org.springframework.web.servlet.ModelAndView org.springframework.boot.autoconfigure.web.servlet.error.BasicErrorController.errorHtml(javax.servlet.http.HttpServletRequest,javax.servlet.http.HttpServletResponse)
2018-04-13 21:33:30.214  INFO 24548 --- [main] o.s.w.s.handler.SimpleUrlHandlerMapping  : Mapped URL path [/webjars/**] onto handler of type [class org.springframework.web.servlet.resource.ResourceHttpRequestHandler]
2018-04-13 21:33:30.214  INFO 24548 --- [main] o.s.w.s.handler.SimpleUrlHandlerMapping  : Mapped URL path [/**] onto handler of type [class org.springframework.web.servlet.resource.ResourceHttpRequestHandler]
2018-04-13 21:33:31.627  INFO 24548 --- [main] io.lettuce.core.EpollProvider            : Starting without optional epoll library
2018-04-13 21:33:31.628  INFO 24548 --- [main] io.lettuce.core.KqueueProvider           : Starting without optional kqueue library
2018-04-13 21:33:32.078  INFO 24548 --- [main] o.s.b.a.e.web.EndpointLinksResolver      : Exposing 2 endpoint(s) beneath base path '/actuator'
2018-04-13 21:33:32.089  INFO 24548 --- [main] s.b.a.e.w.s.WebMvcEndpointHandlerMapping : Mapped "{[/actuator/health],methods=[GET],produces=[application/vnd.spring-boot.actuator.v2+json || application/json]}" onto public java.lang.Object org.springframework.boot.actuate.endpoint.web.servlet.AbstractWebMvcEndpointHandlerMapping$OperationHandler.handle(javax.servlet.http.HttpServletRequest,java.util.Map<java.lang.String, java.lang.String>)
2018-04-13 21:33:32.089  INFO 24548 --- [main] s.b.a.e.w.s.WebMvcEndpointHandlerMapping : Mapped "{[/actuator/info],methods=[GET],produces=[application/vnd.spring-boot.actuator.v2+json || application/json]}" onto public java.lang.Object org.springframework.boot.actuate.endpoint.web.servlet.AbstractWebMvcEndpointHandlerMapping$OperationHandler.handle(javax.servlet.http.HttpServletRequest,java.util.Map<java.lang.String, java.lang.String>)
2018-04-13 21:33:32.090  INFO 24548 --- [main] s.b.a.e.w.s.WebMvcEndpointHandlerMapping : Mapped "{[/actuator],methods=[GET],produces=[application/vnd.spring-boot.actuator.v2+json || application/json]}" onto protected java.util.Map<java.lang.String, java.util.Map<java.lang.String, org.springframework.boot.actuate.endpoint.web.Link>> org.springframework.boot.actuate.endpoint.web.servlet.WebMvcEndpointHandlerMapping.links(javax.servlet.http.HttpServletRequest,javax.servlet.http.HttpServletResponse)
2018-04-13 21:33:32.141  INFO 24548 --- [main] o.s.c.support.DefaultLifecycleProcessor  : Starting beans in phase 2147483647
2018-04-13 21:33:32.219  INFO 24548 --- [main] s.a.ScheduledAnnotationBeanPostProcessor : No TaskScheduler/ScheduledExecutorService bean found for scheduled processing
2018-04-13 21:33:32.233  INFO 24548 --- [main] com.example.demo2.Demo2ApplicationTests  : Started Demo2ApplicationTests in 5.688 seconds (JVM running for 7.201)
2018-04-13 21:33:32.365  INFO 24548 --- [Thread-9] o.s.w.c.s.GenericWebApplicationContext   : Closing org.springframework.web.context.support.GenericWebApplicationContext@5460cf3a: startup date [Fri Apr 13 21:33:27 CST 2018]; root of context hierarchy
2018-04-13 21:33:32.367  INFO 24548 --- [Thread-9] o.s.c.support.DefaultLifecycleProcessor  : Stopping beans in phase 2147483647
